2019-05-16 15:19:36.622 INFO  3467 [           main] [com.jeesite.modules.Application        ] - Starting Application on momochideMacBook-Air.local with PID 3467 (/Users/momochi/Jeesite-demo/web/src/main/webapp/WEB-INF/classes started by momochi in /Users/momochi/Jeesite-demo/web)
2019-05-16 15:19:36.630 DEBUG 3467 [           main] [com.jeesite.modules.Application        ] - Running with Spring Boot v2.0.6.RELEASE, Spring v5.0.10.RELEASE
2019-05-16 15:19:36.630 INFO  3467 [           main] [com.jeesite.modules.Application        ] - The following profiles are active: default
2019-05-16 15:19:39.996 INFO  3467 [           main] [com.jeesite.common.config.Global       ] - Config files: [classpath:config/jeesite-core.yml, classpath:config/application.yml]
2019-05-16 15:19:39.998 INFO  3467 [           main] [com.jeesite.common.config.Global       ] - Spring cache cluster mode: false, session manager name: J1CacheSession
2019-05-16 15:19:40.518 INFO  3467 [           main] [com.jeesite.common.config.Global       ] - user.home: /Users/momochi/
2019-05-16 15:19:40.523 INFO  3467 [           main] [com.jeesite.common.config.Global       ] - user.dir: /Users/momochi/Jeesite-demo/web/
2019-05-16 15:19:40.523 INFO  3467 [           main] [com.jeesite.common.config.Global       ] - logPath: /Users/momochi/Jeesite-demo/web/src/main/webapp/WEB-INF/classes/

   _____        ___  _   _           ___
  |_   _|      / __'(_)_| |_        /   |
  _ | | __  __ \___ | |_   _| __   / /| |
 ( .| |/__\/__\ ___)| | | |_ /__\ / /_| |_
  \___|\__.\__.|____|_| \___)\__.(____   _|  :: JeeSite V4.1.4 :: 
======================================|_|==========================

    欢迎使用 JeeSite Demo V4.1

    您当前的版本为社区版，官方网站：http://jeesite.com

    机器码是：462eb00eb960d35457d4ad806fd2b5fc
    产品名称：JeeSite Demo
    公司名称：ThinkGem

===================================================================

2019-05-16 15:19:42.371 INFO  3467 [           main] [o.s.b.w.embedded.tomcat.TomcatWebServer] - Tomcat initialized with port(s): 8980 (http)
2019-05-16 15:19:43.341 DEBUG 3467 [           main] [com.jeesite.common.config.Global       ] - Update /Users/momochi/Jeesite-demo/web/src/main/webapp/WEB-INF/classes/config/application.yml jdbc.password encryption success.
2019-05-16 15:19:43.736 DEBUG 3467 [           main] [c.j.common.datasource.RoutingDataSource] - Set default target data source success.
2019-05-16 15:19:53.215 DEBUG 3467 [           main] [com.jeesite.common.beetl.BeetlUtils    ] - Beetl config files: [classpath:/config/beetl-core.properties, classpath:/config/beetl.properties]
2019-05-16 15:19:53.697 DEBUG 3467 [           main] [c.j.c.m.m.provider.SelectSqlProvider   ] - 2毫秒: SELECT a.status AS "status", a.create_by AS "createBy", a.create_date AS "createDate", a.update_by AS "updateBy", a.update_date AS "updateDate", a.remarks AS "remarks", a.module_code AS "moduleCode", a.module_name AS "moduleName", a.description AS "description", a.main_class_name AS "mainClassName", a.current_version AS "currentVersion", a.upgrade_info AS "upgradeInfo" FROM js_sys_module a WHERE a.status = #{sqlMap.where#status#EQ1} ORDER BY a.update_date DESC
2019-05-16 15:19:53.733 DEBUG 3467 [           main] [o.m.s.t.SpringManagedTransaction       ] - JDBC Connection [com.alibaba.druid.proxy.jdbc.ConnectionProxyImpl@44df834c] will not be managed by Spring
2019-05-16 15:19:53.749 DEBUG 3467 [           main] [c.j.modules.sys.dao.ModuleDao.findList ] - ==>  Preparing: SELECT a.status AS "status", a.create_by AS "createBy", a.create_date AS "createDate", a.update_by AS "updateBy", a.update_date AS "updateDate", a.remarks AS "remarks", a.module_code AS "moduleCode", a.module_name AS "moduleName", a.description AS "description", a.main_class_name AS "mainClassName", a.current_version AS "currentVersion", a.upgrade_info AS "upgradeInfo" FROM js_sys_module a WHERE a.status = ? ORDER BY a.update_date DESC 
2019-05-16 15:19:53.810 DEBUG 3467 [           main] [c.j.modules.sys.dao.ModuleDao.findList ] - ==> Parameters: 0(String)
2019-05-16 15:19:53.849 DEBUG 3467 [           main] [c.j.modules.sys.dao.ModuleDao.findList ] - <==      Total: 2
2019-05-16 15:19:54.044 DEBUG 3467 [           main] [c.j.c.m.m.provider.SelectSqlProvider   ] - 1毫秒: SELECT a.corp_code AS "corpCode", a.corp_name AS "corpName", a.status AS "status", a.create_by AS "createBy", a.create_date AS "createDate", a.update_by AS "updateBy", a.update_date AS "updateDate", a.remarks AS "remarks", a.user_code AS "userCode", a.login_code AS "loginCode", a.user_name AS "userName", a.password AS "password", a.email AS "email", a.mobile AS "mobile", a.phone AS "phone", a.sex AS "sex", a.avatar AS "avatar", a.sign AS "sign", a.wx_openid AS "wxOpenid", a.mobile_imei AS "mobileImei", a.user_type AS "userType", a.ref_code AS "refCode", a.ref_name AS "refName", a.mgr_type AS "mgrType", a.pwd_security_level AS "pwdSecurityLevel", a.pwd_update_date AS "pwdUpdateDate", a.pwd_update_record AS "pwdUpdateRecord", a.pwd_question AS "pwdQuestion", a.pwd_question_answer AS "pwdQuestionAnswer", a.pwd_question_2 AS "pwdQuestion2", a.pwd_question_answer_2 AS "pwdQuestionAnswer2", a.pwd_question_3 AS "pwdQuestion3", a.pwd_question_answer_3 AS "pwdQuestionAnswer3", a.pwd_quest_update_date AS "pwdQuestUpdateDate", a.last_login_ip AS "lastLoginIp", a.last_login_date AS "lastLoginDate", a.freeze_date AS "freezeDate", a.freeze_cause AS "freezeCause", a.user_weight AS "userWeight", a.extend_s1 AS "extend.extendS1", a.extend_s2 AS "extend.extendS2", a.extend_s3 AS "extend.extendS3", a.extend_s4 AS "extend.extendS4", a.extend_s5 AS "extend.extendS5", a.extend_s6 AS "extend.extendS6", a.extend_s7 AS "extend.extendS7", a.extend_s8 AS "extend.extendS8", a.extend_i1 AS "extend.extendI1", a.extend_i2 AS "extend.extendI2", a.extend_i3 AS "extend.extendI3", a.extend_i4 AS "extend.extendI4", a.extend_f1 AS "extend.extendF1", a.extend_f2 AS "extend.extendF2", a.extend_f3 AS "extend.extendF3", a.extend_f4 AS "extend.extendF4", a.extend_d1 AS "extend.extendD1", a.extend_d2 AS "extend.extendD2", a.extend_d3 AS "extend.extendD3", a.extend_d4 AS "extend.extendD4" FROM js_sys_user a WHERE a.`user_code` = #{userCode}
2019-05-16 15:19:54.055 DEBUG 3467 [           main] [o.m.s.t.SpringManagedTransaction       ] - JDBC Connection [com.alibaba.druid.proxy.jdbc.ConnectionProxyImpl@44df834c] will be managed by Spring
2019-05-16 15:19:54.057 DEBUG 3467 [           main] [com.jeesite.modules.sys.dao.UserDao.get] - ==>  Preparing: SELECT a.corp_code AS "corpCode", a.corp_name AS "corpName", a.status AS "status", a.create_by AS "createBy", a.create_date AS "createDate", a.update_by AS "updateBy", a.update_date AS "updateDate", a.remarks AS "remarks", a.user_code AS "userCode", a.login_code AS "loginCode", a.user_name AS "userName", a.password AS "password", a.email AS "email", a.mobile AS "mobile", a.phone AS "phone", a.sex AS "sex", a.avatar AS "avatar", a.sign AS "sign", a.wx_openid AS "wxOpenid", a.mobile_imei AS "mobileImei", a.user_type AS "userType", a.ref_code AS "refCode", a.ref_name AS "refName", a.mgr_type AS "mgrType", a.pwd_security_level AS "pwdSecurityLevel", a.pwd_update_date AS "pwdUpdateDate", a.pwd_update_record AS "pwdUpdateRecord", a.pwd_question AS "pwdQuestion", a.pwd_question_answer AS "pwdQuestionAnswer", a.pwd_question_2 AS "pwdQuestion2", a.pwd_question_answer_2 AS "pwdQuestionAnswer2", a.pwd_question_3 AS "pwdQuestion3", a.pwd_question_answer_3 AS "pwdQuestionAnswer3", a.pwd_quest_update_date AS "pwdQuestUpdateDate", a.last_login_ip AS "lastLoginIp", a.last_login_date AS "lastLoginDate", a.freeze_date AS "freezeDate", a.freeze_cause AS "freezeCause", a.user_weight AS "userWeight", a.extend_s1 AS "extend.extendS1", a.extend_s2 AS "extend.extendS2", a.extend_s3 AS "extend.extendS3", a.extend_s4 AS "extend.extendS4", a.extend_s5 AS "extend.extendS5", a.extend_s6 AS "extend.extendS6", a.extend_s7 AS "extend.extendS7", a.extend_s8 AS "extend.extendS8", a.extend_i1 AS "extend.extendI1", a.extend_i2 AS "extend.extendI2", a.extend_i3 AS "extend.extendI3", a.extend_i4 AS "extend.extendI4", a.extend_f1 AS "extend.extendF1", a.extend_f2 AS "extend.extendF2", a.extend_f3 AS "extend.extendF3", a.extend_f4 AS "extend.extendF4", a.extend_d1 AS "extend.extendD1", a.extend_d2 AS "extend.extendD2", a.extend_d3 AS "extend.extendD3", a.extend_d4 AS "extend.extendD4" FROM js_sys_user a WHERE a.`user_code` = ? 
2019-05-16 15:19:54.058 DEBUG 3467 [           main] [com.jeesite.modules.sys.dao.UserDao.get] - ==> Parameters: system(String)
2019-05-16 15:19:54.071 DEBUG 3467 [           main] [com.jeesite.modules.sys.dao.UserDao.get] - <==      Total: 1
2019-05-16 15:19:54.174 DEBUG 3467 [           main] [c.j.m.s.dao.RoleDao.findListByUserCode ] - ==>  Preparing: SELECT a.corp_code AS "corpCode", a.corp_name AS "corpName", a.status AS "status", a.create_by AS "createBy", a.create_date AS "createDate", a.update_by AS "updateBy", a.update_date AS "updateDate", a.remarks AS "remarks", a.role_code AS "roleCode", a.role_name AS "roleName", a.role_type AS "roleType", a.role_sort AS "roleSort", a.is_sys AS "isSys", a.user_type AS "userType", a.data_scope AS "dataScope" FROM js_sys_role a JOIN js_sys_user_role ur ON a.role_code = ur.role_code WHERE a.status = ? AND ur.user_code = ? ORDER BY a.role_sort ASC 
2019-05-16 15:19:54.175 DEBUG 3467 [           main] [c.j.m.s.dao.RoleDao.findListByUserCode ] - ==> Parameters: 0(String), system(String)
2019-05-16 15:19:54.179 DEBUG 3467 [           main] [c.j.m.s.dao.RoleDao.findListByUserCode ] - <==      Total: 0
2019-05-16 15:19:54.280 DEBUG 3467 [           main] [c.j.c.m.m.provider.UpdateSqlProvider   ] - 331毫秒: UPDATE js_sys_menu SET `status` = #{param1.status}, `update_by` = #{param1.updateBy}, `update_date` = #{param1.updateDate} WHERE status != #{param2.STATUS_DELETE} AND module_codes LIKE #{param2.sqlMap.where#module_codes#LIKE1}
2019-05-16 15:19:54.282 DEBUG 3467 [           main] [c.j.m.s.d.MenuDao.updateStatusByEntity ] - ==>  Preparing: UPDATE js_sys_menu SET `status` = ?, `update_by` = ?, `update_date` = ? WHERE status != ? AND module_codes LIKE ? 
2019-05-16 15:19:54.287 DEBUG 3467 [           main] [c.j.m.s.d.MenuDao.updateStatusByEntity ] - ==> Parameters: 2(String), system(String), 2019-05-16 14:19:54.279(Timestamp), 1(String), %cms%(String)
2019-05-16 15:19:54.291 DEBUG 3467 [           main] [c.j.m.s.d.MenuDao.updateStatusByEntity ] - <==    Updates: 0
2019-05-16 15:19:54.349 DEBUG 3467 [           main] [c.j.c.m.m.provider.UpdateSqlProvider   ] - 6毫秒: UPDATE js_sys_menu SET `status` = #{param1.status}, `update_by` = #{param1.updateBy}, `update_date` = #{param1.updateDate} WHERE status != #{param2.STATUS_DELETE} AND module_codes LIKE #{param2.sqlMap.where#module_codes#LIKE1}
2019-05-16 15:19:54.349 DEBUG 3467 [           main] [o.m.s.t.SpringManagedTransaction       ] - JDBC Connection [com.alibaba.druid.proxy.jdbc.ConnectionProxyImpl@44df834c] will be managed by Spring
2019-05-16 15:19:54.350 DEBUG 3467 [           main] [c.j.m.s.d.MenuDao.updateStatusByEntity ] - ==>  Preparing: UPDATE js_sys_menu SET `status` = ?, `update_by` = ?, `update_date` = ? WHERE status != ? AND module_codes LIKE ? 
2019-05-16 15:19:54.353 DEBUG 3467 [           main] [c.j.m.s.d.MenuDao.updateStatusByEntity ] - ==> Parameters: 0(String), system(String), 2019-05-16 14:19:54.348(Timestamp), 1(String), %core%(String)
2019-05-16 15:19:54.363 DEBUG 3467 [           main] [c.j.m.s.d.MenuDao.updateStatusByEntity ] - <==    Updates: 70
2019-05-16 15:19:58.482 INFO  3467 [           main] [o.s.b.w.embedded.tomcat.TomcatWebServer] - Tomcat started on port(s): 8980 (http) with context path '/jeeste-demo'
2019-05-16 15:19:58.491 INFO  3467 [           main] [com.jeesite.modules.Application        ] - Started Application in 42.92 seconds (JVM running for 43.743)
2019-05-16 15:20:06.955 DEBUG 3467 [nio-8980-exec-1] [c.j.c.m.m.provider.SelectSqlProvider   ] - 1毫秒: SELECT a.id AS "id", a.config_name AS "configName", a.config_key AS "configKey", a.config_value AS "configValue", a.is_sys AS "isSys", a.create_by AS "createBy", a.create_date AS "createDate", a.update_by AS "updateBy", a.update_date AS "updateDate", a.remarks AS "remarks" FROM js_sys_config a ORDER BY a.config_key
2019-05-16 15:20:06.959 DEBUG 3467 [nio-8980-exec-1] [o.m.s.t.SpringManagedTransaction       ] - JDBC Connection [com.alibaba.druid.proxy.jdbc.ConnectionProxyImpl@44df834c] will not be managed by Spring
2019-05-16 15:20:06.960 DEBUG 3467 [nio-8980-exec-1] [c.j.modules.sys.dao.ConfigDao.findList ] - ==>  Preparing: SELECT a.id AS "id", a.config_name AS "configName", a.config_key AS "configKey", a.config_value AS "configValue", a.is_sys AS "isSys", a.create_by AS "createBy", a.create_date AS "createDate", a.update_by AS "updateBy", a.update_date AS "updateDate", a.remarks AS "remarks" FROM js_sys_config a ORDER BY a.config_key 
2019-05-16 15:20:06.961 DEBUG 3467 [nio-8980-exec-1] [c.j.modules.sys.dao.ConfigDao.findList ] - ==> Parameters: 
2019-05-16 15:20:06.983 DEBUG 3467 [nio-8980-exec-1] [c.j.modules.sys.dao.ConfigDao.findList ] - <==      Total: 18
